09:31:34.849   Out  Iterations                              =    114    
09:31:34.849   Out  Original Evaluation Error               = 460242.169
09:31:34.850   Out  Best Evaluation Error                   = 460152.289
09:31:34.850   Out  
09:31:34.850   Out  Particle Swarm 00 Best Evaluation Error = 460188.323
09:31:34.850   Out    Particle 00 Evaluation Error          = 460200.026
09:31:34.850   Out    Particle 01 Evaluation Error          = 461696.789
09:31:34.850   Out    Particle 02 Evaluation Error          = 471295.313
09:31:34.850   Out    Particle 03 Evaluation Error          = 465255.356
09:31:34.850   Out  Particle Swarm 01 Best Evaluation Error = 460159.897
09:31:34.850   Out    Particle 00 Evaluation Error          = 460171.543
09:31:34.850   Out    Particle 01 Evaluation Error          = 460167.597
09:31:34.850   Out    Particle 02 Evaluation Error          = 460294.342
09:31:34.850   Out    Particle 03 Evaluation Error          = 463717.599
09:31:34.850   Out  Particle Swarm 02 Best Evaluation Error = 460191.568
09:31:34.850   Out    Particle 00 Evaluation Error          = 460504.915
09:31:34.850   Out    Particle 01 Evaluation Error          = 460207.388
09:31:34.850   Out    Particle 02 Evaluation Error          = 463840.512
09:31:34.850   Out    Particle 03 Evaluation Error          = 460422.360
09:31:34.850   Out  Particle Swarm 03 Best Evaluation Error = 460166.030
09:31:34.850   Out    Particle 00 Evaluation Error          = 460337.802
09:31:34.850   Out    Particle 01 Evaluation Error          = 510342.942
09:31:34.850   Out    Particle 02 Evaluation Error          = 467824.852
09:31:34.851   Out    Particle 03 Evaluation Error          = 460208.112
09:31:34.851   Out  Particle Swarm 04 Best Evaluation Error = 460183.825
09:31:34.851   Out    Particle 00 Evaluation Error          = 460189.272
09:31:34.851   Out    Particle 01 Evaluation Error          = 460359.297
09:31:34.851   Out    Particle 02 Evaluation Error          = 460187.452
09:31:34.851   Out    Particle 03 Evaluation Error          = 463406.559
09:31:34.851   Out  Particle Swarm 05 Best Evaluation Error = 460178.278
09:31:34.851   Out    Particle 00 Evaluation Error          = 461746.160
09:31:34.851   Out    Particle 01 Evaluation Error          = 483198.351
09:31:34.851   Out    Particle 02 Evaluation Error          = 462762.096
09:31:34.851   Out    Particle 03 Evaluation Error          = 460185.857
09:31:34.851   Out  Particle Swarm 06 Best Evaluation Error = 460194.667
09:31:34.851   Out    Particle 00 Evaluation Error          = 462423.186
09:31:34.851   Out    Particle 01 Evaluation Error          = 460496.565
09:31:34.851   Out    Particle 02 Evaluation Error          = 460262.338
09:31:34.851   Out    Particle 03 Evaluation Error          = 460273.489
09:31:34.851   Out  Particle Swarm 07 Best Evaluation Error = 460155.677
09:31:34.851   Out    Particle 00 Evaluation Error          = 460824.372
09:31:34.851   Out    Particle 01 Evaluation Error          = 460789.021
09:31:34.852   Out    Particle 02 Evaluation Error          = 460163.712
09:31:34.852   Out    Particle 03 Evaluation Error          = 460155.677
09:31:34.852   Out  Particle Swarm 08 Best Evaluation Error = 460181.154
09:31:34.852   Out    Particle 00 Evaluation Error          = 460952.188
09:31:34.852   Out    Particle 01 Evaluation Error          = 464217.436
09:31:34.852   Out    Particle 02 Evaluation Error          = 460190.729
09:31:34.852   Out    Particle 03 Evaluation Error          = 461481.680
09:31:34.852   Out  Particle Swarm 09 Best Evaluation Error = 460193.814
09:31:34.852   Out    Particle 00 Evaluation Error          = 464728.266
09:31:34.852   Out    Particle 01 Evaluation Error          = 466723.335
09:31:34.852   Out    Particle 02 Evaluation Error          = 461471.962
09:31:34.852   Out    Particle 03 Evaluation Error          = 460197.529
09:31:34.852   Out  Particle Swarm 10 Best Evaluation Error = 460152.289
09:31:34.852   Out    Particle 00 Evaluation Error          = 460161.846
09:31:34.852   Out    Particle 01 Evaluation Error          = 460152.289
09:31:34.852   Out    Particle 02 Evaluation Error          = 465528.232
09:31:34.852   Out    Particle 03 Evaluation Error          = 460184.583
09:31:34.852   Out  Particle Swarm 11 Best Evaluation Error = 460162.297
09:31:34.852   Out    Particle 00 Evaluation Error          = 463245.539
09:31:34.852   Out    Particle 01 Evaluation Error          = 460176.455
09:31:34.852   Out    Particle 02 Evaluation Error          = 464481.668
09:31:34.853   Out    Particle 03 Evaluation Error          = 460271.954
09:31:34.853   Out  
09:31:34.853   Out  MgPawnAdvancement                       =      1
09:31:34.853   Out  EgPawnAdvancement                       =      6
09:31:34.853   Out  MgPawnCentrality                        =      2
09:31:34.853   Out  EgPawnCentrality                        =    -10
09:31:34.853   Out  EgPawnConstant                          =     42

09:31:34.853   Out  MgKnightAdvancement                     =      3
09:31:34.853   Out  EgKnightAdvancement                     =     20
09:31:34.853   Out  MgKnightCentrality                      =      6
09:31:34.853   Out  EgKnightCentrality                      =     15
09:31:34.853   Out  MgKnightCorner                          =     -2
09:31:34.853   Out  EgKnightCorner                          =    -20
09:31:34.853   Out  EgKnightConstant                        =     95

09:31:34.853   Out  MgBishopAdvancement                     =      4
09:31:34.853   Out  EgBishopAdvancement                     =      4
09:31:34.853   Out  MgBishopCentrality                      =      6
09:31:34.853   Out  EgBishopCentrality                      =      0
09:31:34.853   Out  MgBishopCorner                          =      0
09:31:34.853   Out  EgBishopCorner                          =    -11
09:31:34.853   Out  EgBishopConstant                        =    162

09:31:34.853   Out  MgRookAdvancement                       =      2
09:31:34.853   Out  EgRookAdvancement                       =     16
09:31:34.854   Out  MgRookCentrality                        =      3
09:31:34.854   Out  EgRookCentrality                        =     -3
09:31:34.854   Out  MgRookCorner                            =    -14
09:31:34.854   Out  EgRookCorner                            =      0
09:31:34.854   Out  EgRookConstant                          =    251

09:31:34.854   Out  MgQueenAdvancement                      =     -7
09:31:34.854   Out  EgQueenAdvancement                      =     32
09:31:34.854   Out  MgQueenCentrality                       =      0
09:31:34.854   Out  EgQueenCentrality                       =     15
09:31:34.854   Out  MgQueenCorner                           =     -1
09:31:34.854   Out  EgQueenCorner                           =     -5
09:31:34.854   Out  EgQueenConstant                         =    400

09:31:34.854   Out  MgKingAdvancement                       =    -28
09:31:34.854   Out  EgKingAdvancement                       =     29
09:31:34.854   Out  MgKingCentrality                        =    -16
09:31:34.854   Out  EgKingCentrality                        =     11
09:31:34.854   Out  MgKingCorner                            =     12
09:31:34.854   Out  EgKingCorner                            =      0

09:31:34.854   Out  MgPassedPawnScalePercent                =    149
09:31:34.854   Out  EgPassedPawnScalePercent                =    421
09:31:34.854   Out  EgFreePassedPawnScalePercent            =    897
09:31:34.854   Out  EgKingEscortedPassedPawn                =      9

09:31:34.854   Out  MgKnightMobilityScale                   =     17
09:31:34.854   Out  EgKnightMobilityScale                   =    127
09:31:34.855   Out  MgBishopMobilityScale                   =     36
09:31:34.855   Out  EgBishopMobilityScale                   =    221
09:31:34.855   Out  MgRookMobilityScale                     =     84
09:31:34.855   Out  EgRookMobilityScale                     =    155
09:31:34.855   Out  MgQueenMobilityScale                    =     96
09:31:34.855   Out  EgQueenMobilityScale                    =    346
