03:49:46.667   Out  Iterations                              =    094    
03:49:46.667   Out  Original Evaluation Error               = 809826.609
03:49:46.667   Out  Best Evaluation Error                   = 809455.935
03:49:46.667   Out  
03:49:46.667   Out  Particle Swarm 00 Best Evaluation Error = 809461.351
03:49:46.667   Out    Particle 00 Evaluation Error          = 809466.851
03:49:46.667   Out  Particle Swarm 01 Best Evaluation Error = 809455.935
03:49:46.667   Out    Particle 00 Evaluation Error          = 809475.062
03:49:46.667   Out  Particle Swarm 02 Best Evaluation Error = 809495.032
03:49:46.667   Out    Particle 00 Evaluation Error          = 809497.997
03:49:46.667   Out  Particle Swarm 03 Best Evaluation Error = 809467.853
03:49:46.667   Out    Particle 00 Evaluation Error          = 809467.853
03:49:46.667   Out  Particle Swarm 04 Best Evaluation Error = 809523.683
03:49:46.667   Out    Particle 00 Evaluation Error          = 809558.238
03:49:46.667   Out  Particle Swarm 05 Best Evaluation Error = 809495.133
03:49:46.667   Out    Particle 00 Evaluation Error          = 809501.867
03:49:46.667   Out  Particle Swarm 06 Best Evaluation Error = 809494.919
03:49:46.667   Out    Particle 00 Evaluation Error          = 809517.133
03:49:46.667   Out  Particle Swarm 07 Best Evaluation Error = 809502.455
03:49:46.667   Out    Particle 00 Evaluation Error          = 809510.857
03:49:46.667   Out  Particle Swarm 08 Best Evaluation Error = 809483.288
03:49:46.668   Out    Particle 00 Evaluation Error          = 809546.987
03:49:46.668   Out  Particle Swarm 09 Best Evaluation Error = 809580.032
03:49:46.668   Out    Particle 00 Evaluation Error          = 809708.749
03:49:46.668   Out  Particle Swarm 10 Best Evaluation Error = 809519.044
03:49:46.668   Out    Particle 00 Evaluation Error          = 809520.948
03:49:46.668   Out  Particle Swarm 11 Best Evaluation Error = 809489.208
03:49:46.668   Out    Particle 00 Evaluation Error          = 809489.208
03:49:46.668   Out  Particle Swarm 12 Best Evaluation Error = 809491.705
03:49:46.668   Out    Particle 00 Evaluation Error          = 809516.809
03:49:46.668   Out  Particle Swarm 13 Best Evaluation Error = 809612.198
03:49:46.668   Out    Particle 00 Evaluation Error          = 809639.496
03:49:46.668   Out  Particle Swarm 14 Best Evaluation Error = 809477.378
03:49:46.668   Out    Particle 00 Evaluation Error          = 809477.378
03:49:46.668   Out  Particle Swarm 15 Best Evaluation Error = 809544.407
03:49:46.668   Out    Particle 00 Evaluation Error          = 809547.642
03:49:46.669   Out  Particle Swarm 16 Best Evaluation Error = 809559.728
03:49:46.669   Out    Particle 00 Evaluation Error          = 810273.173
03:49:46.669   Out  Particle Swarm 17 Best Evaluation Error = 809473.619
03:49:46.669   Out    Particle 00 Evaluation Error          = 809501.240
03:49:46.669   Out  Particle Swarm 18 Best Evaluation Error = 809551.500
03:49:46.669   Out    Particle 00 Evaluation Error          = 809609.386
03:49:46.669   Out  Particle Swarm 19 Best Evaluation Error = 809504.847
03:49:46.669   Out    Particle 00 Evaluation Error          = 809517.196
03:49:46.669   Out  Particle Swarm 20 Best Evaluation Error = 809510.889
03:49:46.669   Out    Particle 00 Evaluation Error          = 809510.889
03:49:46.669   Out  Particle Swarm 21 Best Evaluation Error = 809530.932
03:49:46.669   Out    Particle 00 Evaluation Error          = 809541.111
03:49:46.669   Out  Particle Swarm 22 Best Evaluation Error = 809479.716
03:49:46.669   Out    Particle 00 Evaluation Error          = 809479.716
03:49:46.669   Out  Particle Swarm 23 Best Evaluation Error = 809476.671
03:49:46.669   Out    Particle 00 Evaluation Error          = 809481.978
03:49:46.669   Out  Particle Swarm 24 Best Evaluation Error = 809483.528
03:49:46.670   Out    Particle 00 Evaluation Error          = 809552.081
03:49:46.670   Out  Particle Swarm 25 Best Evaluation Error = 809512.434
03:49:46.670   Out    Particle 00 Evaluation Error          = 809547.602
03:49:46.670   Out  Particle Swarm 26 Best Evaluation Error = 809507.898
03:49:46.670   Out    Particle 00 Evaluation Error          = 809512.918
03:49:46.670   Out  Particle Swarm 27 Best Evaluation Error = 809469.717
03:49:46.670   Out    Particle 00 Evaluation Error          = 809469.717
03:49:46.670   Out  
03:49:46.670   Out  EgPawnMaterial                          =    179
03:49:46.670   Out  MgKnightMaterial                        =    490
03:49:46.670   Out  EgKnightMaterial                        =    542
03:49:46.670   Out  MgBishopMaterial                        =    517
03:49:46.670   Out  EgBishopMaterial                        =    589
03:49:46.670   Out  MgRookMaterial                          =    596
03:49:46.670   Out  EgRookMaterial                          =   1084
03:49:46.670   Out  MgQueenMaterial                         =   1533
03:49:46.670   Out  EgQueenMaterial                         =   1830

03:49:46.670   Out  PassedPawnPowerPer128                   =    322
03:49:46.670   Out  MgPassedPawnScalePer128                 =     76
03:49:46.670   Out  EgPassedPawnScalePer128                 =    378
03:49:46.671   Out  EgFreePassedPawnScalePer128             =    694
03:49:46.671   Out  EgConnectedPassedPawnScalePer128        =     66
03:49:46.671   Out  EgKingEscortedPassedPawn                =     13

03:49:46.671   Out  MgKingSafetyPowerPer128                 =    255
03:49:46.671   Out  MgKingSafetyScalePer128                 =     44
03:49:46.671   Out  MgKingSafetyKnightAttackOuterRingPer8   =     31
03:49:46.671   Out  MgKingSafetyKnightAttackInnerRingPer8   =     23
03:49:46.671   Out  MgKingSafetyKnightProximityPer8         =      0
03:49:46.671   Out  MgKingSafetyBishopAttackOuterRingPer8   =     14
03:49:46.671   Out  MgKingSafetyBishopAttackInnerRingPer8   =     30
03:49:46.671   Out  MgKingSafetyBishopProximityPer8         =      0
03:49:46.671   Out  MgKingSafetyRookAttackOuterRingPer8     =     15
03:49:46.671   Out  MgKingSafetyRookAttackInnerRingPer8     =     17
03:49:46.671   Out  MgKingSafetyRookProximityPer8           =      0
03:49:46.671   Out  MgKingSafetyQueenAttackOuterRingPer8    =     16
03:49:46.671   Out  MgKingSafetyQueenAttackInnerRingPer8    =     19
03:49:46.671   Out  MgKingSafetyQueenProximityPer8          =      9
03:49:46.671   Out  MgKingSafetySemiOpenFilePer8            =      9
03:49:46.671   Out  MgKingSafetyPawnShieldPer8              =     17
03:49:46.671   Out  MgKingSafetyDefendingPiecesPer8         =     10

03:49:46.671   Out  MgPawnAdvancement                       =      3
03:49:46.671   Out  EgPawnAdvancement                       =     11
03:49:46.671   Out  MgPawnSquareCentrality                  =     -5
03:49:46.671   Out  EgPawnSquareCentrality                  =    -13
03:49:46.671   Out  MgPawnFileCentrality                    =      4
03:49:46.671   Out  EgPawnFileCentrality                    =      4
03:49:46.672   Out  MgPawnCorner                            =     -7
03:49:46.672   Out  EgPawnCorner                            =      2

03:49:46.672   Out  MgKnightAdvancement                     =      4
03:49:46.672   Out  EgKnightAdvancement                     =      7
03:49:46.672   Out  MgKnightSquareCentrality                =      3
03:49:46.672   Out  EgKnightSquareCentrality                =     21
03:49:46.672   Out  MgKnightFileCentrality                  =      3
03:49:46.672   Out  EgKnightFileCentrality                  =     -5
03:49:46.672   Out  MgKnightCorner                          =     -2
03:49:46.672   Out  EgKnightCorner                          =    -31

03:49:46.672   Out  MgBishopAdvancement                     =     -1
03:49:46.672   Out  EgBishopAdvancement                     =      7
03:49:46.672   Out  MgBishopSquareCentrality                =     10
03:49:46.672   Out  EgBishopSquareCentrality                =      3
03:49:46.672   Out  MgBishopFileCentrality                  =     -2
03:49:46.672   Out  EgBishopFileCentrality                  =     -1
03:49:46.672   Out  MgBishopCorner                          =      5
03:49:46.672   Out  EgBishopCorner                          =    -11

03:49:46.672   Out  MgRookAdvancement                       =     14
03:49:46.672   Out  EgRookAdvancement                       =     15
03:49:46.672   Out  MgRookSquareCentrality                  =     -7
03:49:46.672   Out  EgRookSquareCentrality                  =      0
03:49:46.672   Out  MgRookFileCentrality                    =     15
03:49:46.672   Out  EgRookFileCentrality                    =     -5
03:49:46.672   Out  MgRookCorner                            =      1
03:49:46.672   Out  EgRookCorner                            =     -5

03:49:46.673   Out  MgQueenAdvancement                      =     -9
03:49:46.673   Out  EgQueenAdvancement                      =     32
03:49:46.673   Out  MgQueenSquareCentrality                 =     -3
03:49:46.673   Out  EgQueenSquareCentrality                 =     27
03:49:46.673   Out  MgQueenFileCentrality                   =      0
03:49:46.673   Out  EgQueenFileCentrality                   =     -9
03:49:46.673   Out  MgQueenCorner                           =     -4
03:49:46.673   Out  EgQueenCorner                           =     -6

03:49:46.673   Out  MgKingAdvancement                       =     -3
03:49:46.673   Out  EgKingAdvancement                       =     14
03:49:46.673   Out  MgKingSquareCentrality                  =     20
03:49:46.673   Out  EgKingSquareCentrality                  =     19
03:49:46.673   Out  MgKingFileCentrality                    =      2
03:49:46.673   Out  EgKingFileCentrality                    =      4
03:49:46.673   Out  MgKingCorner                            =      3
03:49:46.673   Out  EgKingCorner                            =      1

03:49:46.673   Out  PieceMobilityPowerPer128                =     98
03:49:46.673   Out  MgKnightMobilityScale                   =     77
03:49:46.673   Out  EgKnightMobilityScale                   =     39
03:49:46.673   Out  MgBishopMobilityScale                   =     62
03:49:46.673   Out  EgBishopMobilityScale                   =    192
03:49:46.673   Out  MgRookMobilityScale                     =     86
03:49:46.673   Out  EgRookMobilityScale                     =    154
03:49:46.673   Out  MgQueenMobilityScale                    =     88
03:49:46.673   Out  EgQueenMobilityScale                    =     81

03:49:46.673   Out  MgIsolatedPawn                          =     12
03:49:46.674   Out  EgIsolatedPawn                          =     36
03:49:46.674   Out  MgDoubledPawn                           =     10
03:49:46.674   Out  EgDoubledPawn                           =     28

03:49:46.674   Out  MgPawnThreatenMinor                     =     50
03:49:46.674   Out  EgPawnThreatenMinor                     =     44
03:49:46.674   Out  MgPawnThreatenMajor                     =     59
03:49:46.674   Out  EgPawnThreatenMajor                     =     64
03:49:46.674   Out  MgMinorThreatenMajor                    =     31
03:49:46.674   Out  EgMinorThreatenMajor                    =     35

03:49:46.674   Out  MgBishopPair                            =     35
03:49:46.674   Out  EgBishopPair                            =     86
03:49:46.674   Out  MgKnightOutpost                         =     59
03:49:46.674   Out  EgKnightOutpost                         =     38
03:49:46.674   Out  MgBishopOutpost                         =     26
03:49:46.674   Out  EgBishopOutpost                         =     22

03:49:46.674   Out  MgRook7thRank                           =     19
03:49:46.674   Out  EgRook7thRank                           =     53
